Arguments: 
  C:\Program Files\nodejs\node.exe C:\Program Files (x86)\Yarn\bin\yarn.js init -t

PATH: 
  C:\Program Files\WindowsApps\Microsoft.WindowsTerminal_1.4.3243.0_x64__8wekyb3d8bbwe;C:\Python38\Scripts\;C:\Python38\;C:\WINDOWS\system32;C:\WINDOWS;C:\WINDOWS\System32\Wbem;C:\WINDOWS\System32\WindowsPowerShell\v1.0\;C:\WINDOWS\System32\OpenSSH\;C:\Program Files\Calibre2\;C:\Program Files\nodejs\;C:\ProgramData\chocolatey\bin;C:\Program Files\Git\cmd;C:\Program Files\MongoDB\Server\4.2\bin;C:\Program Files\stripe_1.5.1_windows_x86_64;C:\Program Files\Amazon\AWSCLIV2\;C:\Program Files (x86)\dotnet\;C:\Program Files\dotnet\;C:\Program Files (x86)\Yarn\bin\;C:\Users\brand\AppData\Local\Microsoft\WindowsApps;C:\Users\brand\AppData\Local\Programs\Microsoft VS Code\bin;C:\Users\brand\AppData\Roaming\npm;C:\Users\brand\AppData\Local\GitHubDesktop\bin;C:\Program Files\stripe_1.5.1_windows_x86_64;C:\Users\brand\AppData\Local\Google\Cloud SDK\google-cloud-sdk\bin;C:\Users\brand\AppData\Local\Yarn\bin

Yarn version: 
  1.22.5

Node version: 
  12.18.2

Platform: 
  win32 x64

Trace: 
  Error: canceled
      at Interface.<anonymous> (C:\Program Files (x86)\Yarn\lib\cli.js:137009:13)
      at Interface.emit (events.js:315:20)
      at Interface._ttyWrite (readline.js:866:16)
      at ReadStream.onkeypress (readline.js:205:10)
      at ReadStream.emit (events.js:315:20)
      at emitKeys (internal/readline/utils.js:335:14)
      at emitKeys.next (<anonymous>)
      at ReadStream.onData (readline.js:1133:36)
      at ReadStream.emit (events.js:315:20)
      at addChunk (_stream_readable.js:295:12)

npm manifest: 
  No manifest

yarn manifest: 
  No manifest

Lockfile: 
  No lockfile
